<?xml version="1.0" encoding="UTF-8"?>
<!-- Generated by org.testng.reporters.JUnitReportReporter -->
<testsuite skipped="0" hostname="DESKTOP-B0LBAH8" name="Wrapper_Act_Test.ExercisesTest" tests="3" failures="0" timestamp="15 Feb 2018 21:56:45 GMT" time="0.016" errors="0">
  <testcase name="testMethod" time="0.016" classname="Wrapper_Act_Test.ExercisesTest"/>
  <testcase name="testMethod" time="0.000" classname="Wrapper_Act_Test.ExercisesTest"/>
  <testcase name="testMethod" time="0.000" classname="Wrapper_Act_Test.ExercisesTest"/>
</testsuite> <!-- Wrapper_Act_Test.ExercisesTest -->
