<?xml version="1.0" encoding="UTF-8"?>
<!-- Generated by org.testng.reporters.JUnitReportReporter -->
<testsuite skipped="0" hostname="DESKTOP-B0LBAH8" name="TestngWork.Programs" tests="2" failures="0" timestamp="15 Feb 2018 20:41:55 GMT" time="0.016" errors="0">
  <testcase name="Tester" time="0.016" classname="TestngWork.Programs"/>
  <testcase name="Tester" time="0.000" classname="TestngWork.Programs"/>
</testsuite> <!-- TestngWork.Programs -->
