<?xml version="1.0" encoding="UTF-8"?>
<!-- Generated by org.testng.reporters.JUnitReportReporter -->
<testsuite skipped="0" hostname="DESKTOP-B0LBAH8" name="TestngWork.WorkingWithTestNG" tests="1" failures="0" timestamp="15 Feb 2018 19:39:24 GMT" time="0.000" errors="0">
  <testcase name="specialTest" time="0.000" classname="TestngWork.WorkingWithTestNG"/>
</testsuite> <!-- TestngWork.WorkingWithTestNG -->
